[14:53:53] [INFO] ModConfig Loaded: true
[14:53:53] [INFO] JEI: Compost Recipe Pages Loaded:         4
[14:53:53] [INFO] JEI: Fluid Block Transform Recipes Loaded:       23
[14:53:53] [INFO] JEI: Fluid On Top Recipes Loaded:       2
[14:53:53] [INFO] JEI: Fluid Transform Recipes Loaded:    1
[14:53:53] [INFO] JEI: Hammer Recipes Loaded:             26
[14:53:54] [INFO] JEI: Heat Sources Loaded:             5
[14:53:54] [INFO] JEI: Sieve Recipes Loaded:              62
[14:53:54] [INFO] JEI: Stone Crucible Recipes Loaded:       4
[14:59:53] [INFO] ModConfig Loaded: true
[14:59:53] [INFO] JEI: Compost Recipe Pages Loaded:         4
[14:59:53] [INFO] JEI: Fluid Block Transform Recipes Loaded:       23
[14:59:53] [INFO] JEI: Fluid On Top Recipes Loaded:       2
[14:59:53] [INFO] JEI: Fluid Transform Recipes Loaded:    1
[14:59:53] [INFO] JEI: Hammer Recipes Loaded:             26
[14:59:53] [INFO] JEI: Heat Sources Loaded:             5
[14:59:53] [INFO] JEI: Sieve Recipes Loaded:              62
[14:59:53] [INFO] JEI: Stone Crucible Recipes Loaded:       4
[15:01:04] [INFO] ModConfig Loaded: true
[15:01:04] [INFO] JEI: Compost Recipe Pages Loaded:         4
[15:01:04] [INFO] JEI: Fluid Block Transform Recipes Loaded:       23
[15:01:04] [INFO] JEI: Fluid On Top Recipes Loaded:       2
[15:01:04] [INFO] JEI: Fluid Transform Recipes Loaded:    1
[15:01:04] [INFO] JEI: Hammer Recipes Loaded:             26
[15:01:04] [INFO] JEI: Heat Sources Loaded:             5
[15:01:04] [INFO] JEI: Sieve Recipes Loaded:              62
[15:01:04] [INFO] JEI: Stone Crucible Recipes Loaded:       4
