[00:05:31] [INFO] Enabled support for The One Probe
[00:05:39] [INFO] ModConfig Loaded: true
[00:05:39] [INFO] JEI: Compost Recipe Pages Loaded:         0
[00:05:39] [INFO] JEI: Fluid Block Transform Recipes Loaded:       0
[00:05:39] [INFO] JEI: Fluid On Top Recipes Loaded:       0
[00:05:39] [INFO] JEI: Fluid Transform Recipes Loaded:    0
[00:05:39] [INFO] JEI: Hammer Recipes Loaded:             0
[00:05:39] [INFO] JEI: Crook Recipes Loaded:              0
[00:05:39] [INFO] JEI: Heat Sources Loaded:             6
[00:05:39] [INFO] JEI: Sieve Recipes Loaded:              14
[00:05:39] [INFO] JEI: Stone Crucible Recipes Loaded:       0
[00:05:39] [INFO] JEI: Wood Crucible Recipes Loaded:        0
[00:10:15] [INFO] ModConfig Loaded: true
[00:10:15] [INFO] JEI: Compost Recipe Pages Loaded:         0
[00:10:15] [INFO] JEI: Fluid Block Transform Recipes Loaded:       0
[00:10:15] [INFO] JEI: Fluid On Top Recipes Loaded:       0
[00:10:15] [INFO] JEI: Fluid Transform Recipes Loaded:    0
[00:10:15] [INFO] JEI: Hammer Recipes Loaded:             0
[00:10:15] [INFO] JEI: Crook Recipes Loaded:              0
[00:10:15] [INFO] JEI: Heat Sources Loaded:             6
[00:10:15] [INFO] JEI: Sieve Recipes Loaded:              14
[00:10:15] [INFO] JEI: Stone Crucible Recipes Loaded:       0
[00:10:15] [INFO] JEI: Wood Crucible Recipes Loaded:        0
